Remove Pin=P?-1 From Net=GND
Remove Pin=P?-2 From Net=VBAT
Remove Pin=P?-3 From Net=INT_ENC1
Remove Pin=P?-4 From Net=ENC_OUT1
Remove Pin=P?-5 From Net=MOSI
Remove Pin=P?-6 From Net=ENC_OUT2
Remove Pin=P?-7 From Net=MISO
Remove Pin=P?-8 From Net=INT_ENC2
Remove Pin=P?-9 From Net=SCK
Remove Pin=P?-10 From Net=VCC
Remove Pin=P?-11 From Net=TX
Remove Pin=P?-12 From Net=SCL
Remove Pin=P?-13 From Net=RX
Remove Pin=P?-14 From Net=SDA
Remove Pin=P?-15 From Net=USBM
Remove Pin=P?-16 From Net=SWDIO
Remove Pin=P?-17 From Net=USBP
Remove Pin=P?-18 From Net=SWCLK
Remove Pin=P?-20 From Net=RESET
Remove Pin=U?-9 From Net=SDA
Remove Pin=U?-10 From Net=SCL
