Added Component: Designator=P1(vertical_4pos_conn _s)
Added Component: Designator=P2(vertical_4pos_conn _s)
Added Component: Designator=P3(vertical_4pos_conn _s)
Added Component: Designator=P4(vertical_4pos_conn _s)
Added Component: Designator=P5(vertical_4pos_conn _s)
Added Component: Designator=P6(vertical_4pos_conn _s)
Added Pin To Net: NetName=VCC Pin=P1-1
Added Pin To Net: NetName=VCC Pin=P1-1
Added Pin To Net: NetName=GND Pin=P1-2
Added Pin To Net: NetName=GND Pin=P1-2
Added Pin To Net: NetName=SDA Pin=P1-3
Added Pin To Net: NetName=SDA Pin=P1-3
Added Pin To Net: NetName=SCL Pin=P1-4
Added Pin To Net: NetName=SCL Pin=P1-4
Added Pin To Net: NetName=VCC Pin=P2-1
Added Pin To Net: NetName=VCC Pin=P2-1
Added Pin To Net: NetName=GND Pin=P2-2
Added Pin To Net: NetName=GND Pin=P2-2
Added Pin To Net: NetName=SDA Pin=P2-3
Added Pin To Net: NetName=SDA Pin=P2-3
Added Pin To Net: NetName=SCL Pin=P2-4
Added Pin To Net: NetName=SCL Pin=P2-4
Added Pin To Net: NetName=VCC Pin=P3-1
Added Pin To Net: NetName=VCC Pin=P3-1
Added Pin To Net: NetName=GND Pin=P3-2
Added Pin To Net: NetName=GND Pin=P3-2
Added Pin To Net: NetName=SDA Pin=P3-3
Added Pin To Net: NetName=SDA Pin=P3-3
Added Pin To Net: NetName=SCL Pin=P3-4
Added Pin To Net: NetName=SCL Pin=P3-4
Added Pin To Net: NetName=VCC Pin=P4-1
Added Pin To Net: NetName=VCC Pin=P4-1
Added Pin To Net: NetName=GND Pin=P4-2
Added Pin To Net: NetName=GND Pin=P4-2
Added Pin To Net: NetName=SDA Pin=P4-3
Added Pin To Net: NetName=SDA Pin=P4-3
Added Pin To Net: NetName=SCL Pin=P4-4
Added Pin To Net: NetName=SCL Pin=P4-4
Added Pin To Net: NetName=VCC Pin=P5-1
Added Pin To Net: NetName=VCC Pin=P5-1
Added Pin To Net: NetName=GND Pin=P5-2
Added Pin To Net: NetName=GND Pin=P5-2
Added Pin To Net: NetName=SDA Pin=P5-3
Added Pin To Net: NetName=SDA Pin=P5-3
Added Pin To Net: NetName=SCL Pin=P5-4
Added Pin To Net: NetName=SCL Pin=P5-4
Added Pin To Net: NetName=VCC Pin=P6-1
Added Pin To Net: NetName=VCC Pin=P6-1
Added Pin To Net: NetName=GND Pin=P6-2
Added Pin To Net: NetName=GND Pin=P6-2
Added Pin To Net: NetName=SDA Pin=P6-3
Added Pin To Net: NetName=SDA Pin=P6-3
Added Pin To Net: NetName=SCL Pin=P6-4
Added Pin To Net: NetName=SCL Pin=P6-4
Added Member To Class: ClassName=expansion Member=Component P1 vertical_4pos_conn
Added Member To Class: ClassName=expansion Member=Component P2 vertical_4pos_conn
Added Member To Class: ClassName=expansion Member=Component P3 vertical_4pos_conn
Added Member To Class: ClassName=expansion Member=Component P4 vertical_4pos_conn
Added Member To Class: ClassName=expansion Member=Component P5 vertical_4pos_conn
Added Member To Class: ClassName=expansion Member=Component P6 vertical_4pos_conn
